<?xml version="1.0" encoding="UTF-8"?>
<!-- Generated by org.testng.reporters.JUnitReportReporter -->
<testsuite hostname="DESKTOP-CST3LUL" failures="0" tests="1" name="testClasses.HomePageTestClass" time="10.056" errors="0" timestamp="2024-12-26T19:18:02 IST" skipped="0">
  <testcase classname="testClasses.HomePageTestClass" name="verifySuccessfulSignOut" time="10.056"/>
</testsuite> <!-- testClasses.HomePageTestClass -->
