<?xml version="1.0" encoding="UTF-8"?>
<!-- Generated by org.testng.reporters.JUnitReportReporter -->
<testsuite hostname="DESKTOP-CST3LUL" failures="0" tests="1" name="testClasses.LoginPageTestClass" time="13.781" errors="0" timestamp="2024-12-26T19:18:01 IST" skipped="0">
  <testcase classname="testClasses.LoginPageTestClass" name="verifySuccessfullLogin" time="13.781"/>
</testsuite> <!-- testClasses.LoginPageTestClass -->
