<?xml version="1.0" encoding="UTF-8"?>
<!-- Generated by org.testng.reporters.JUnitReportReporter -->
<testsuite hostname="DESKTOP-CST3LUL" failures="0" tests="1" name="testClasses.ManageUsersPageTestClass" time="23.531" errors="0" timestamp="2024-12-26T19:18:02 IST" skipped="0">
  <testcase classname="testClasses.ManageUsersPageTestClass" name="verifyToAdd_aNewUser" time="23.531"/>
</testsuite> <!-- testClasses.ManageUsersPageTestClass -->
