<?xml version="1.0" encoding="UTF-8"?>
<!-- Generated by org.testng.reporters.JUnitReportReporter -->
<testsuite hostname="DESKTOP-CST3LUL" failures="0" tests="2" name="testClasses.ProductsPageTestClass" time="30.873" errors="0" timestamp="2024-12-26T19:18:02 IST" skipped="0">
  <testcase classname="testClasses.ProductsPageTestClass" name="verifyToCreateA_newProduct" time="17.393"/>
  <testcase classname="testClasses.ProductsPageTestClass" name="verifyToDeleteAddedProduct" time="13.480"/>
</testsuite> <!-- testClasses.ProductsPageTestClass -->
